2026-02-10 20:53:10,287 | INFO    | src.pipeline | ============================================================
2026-02-10 20:53:10,288 | INFO    | src.pipeline | TOP APPLICANT — Data Collection Pipeline
2026-02-10 20:53:10,289 | INFO    | src.pipeline | Schema version: 0.2
2026-02-10 20:53:10,292 | INFO    | src.pipeline | Dataset version: v0.2
2026-02-10 20:53:10,293 | INFO    | src.pipeline | Search: 'Data Scientist' | Location: '' | Limit: 25
2026-02-10 20:53:10,295 | INFO    | src.pipeline | ============================================================
2026-02-10 20:53:10,296 | INFO    | src.scraping.linkedin_scraper | Phase 1: Scraping up to 25 listings for 'Data Scientist' in ''
2026-02-10 20:53:12,025 | INFO    | src.scraping.linkedin_scraper |   [1] Data Scientist Intern @ Tinder
2026-02-10 20:53:12,026 | INFO    | src.scraping.linkedin_scraper |   [2] Data Scientist I, Integrity @ Tinder
2026-02-10 20:53:12,027 | INFO    | src.scraping.linkedin_scraper |   [3] Data Scientist (L5) , Performance Marketing @ Netflix
2026-02-10 20:53:12,028 | INFO    | src.scraping.linkedin_scraper |   [4] Head of Artificial Intelligence and Data Science @ Addison Group
2026-02-10 20:53:12,029 | INFO    | src.scraping.linkedin_scraper |   [5] Data Scientist (L4) -  Marketing and Experience DSE @ Netflix
2026-02-10 20:53:12,031 | INFO    | src.scraping.linkedin_scraper |   [6] Data Scientist Analyst @ MedReview Inc.
2026-02-10 20:53:12,032 | INFO    | src.scraping.linkedin_scraper |   [7] Data Scientist @ Roku
2026-02-10 20:53:12,033 | INFO    | src.scraping.linkedin_scraper |   [8] Data Scientist I, Integrity @ Tinder
2026-02-10 20:53:12,034 | INFO    | src.scraping.linkedin_scraper |   [9] Data Scientist I, Integrity @ Tinder
2026-02-10 20:53:12,035 | INFO    | src.scraping.linkedin_scraper |   [10] Machine Learning Engineer Intern @ Tinder
2026-02-10 20:53:16,484 | INFO    | src.scraping.linkedin_scraper |   [11] Data Scientist 5 - Ads Identity @ Netflix
2026-02-10 20:53:16,484 | INFO    | src.scraping.linkedin_scraper |   [12] Data Scientist 4/5 - Identity DSE @ Netflix
2026-02-10 20:53:16,485 | INFO    | src.scraping.linkedin_scraper |   [13] Data Scientist, Product Analytics @ Meta
2026-02-10 20:53:16,486 | INFO    | src.scraping.linkedin_scraper |   [14] Data Scientist - Data-Driven Global Investment Firm @ Andiamo
2026-02-10 20:53:16,487 | INFO    | src.scraping.linkedin_scraper |   [15] Data Scientist - Campus Full-Time @ Two Sigma
2026-02-10 20:53:16,489 | INFO    | src.scraping.linkedin_scraper |   [16] Data Scientist - Decisions, Lyft Urban Solutions @ Lyft
2026-02-10 20:53:16,490 | INFO    | src.scraping.linkedin_scraper |   [17] Staff Data Scientist @ LinkedIn
2026-02-10 20:53:16,492 | INFO    | src.scraping.linkedin_scraper |   [18] Data Scientist @ Two Sigma
2026-02-10 20:53:16,493 | INFO    | src.scraping.linkedin_scraper |   [19] Data Scientist @ StreetID
2026-02-10 20:53:16,495 | INFO    | src.scraping.linkedin_scraper |   [20] Principal Research Scientist @ Next Phase Recruitment
2026-02-10 20:53:21,213 | INFO    | src.scraping.linkedin_scraper |   [21] Data Scientist, Lifecycle Marketing @ Wealthfront
2026-02-10 20:53:21,214 | INFO    | src.scraping.linkedin_scraper |   [22] Data Scientist @ Kinect
2026-02-10 20:53:21,214 | INFO    | src.scraping.linkedin_scraper |   [23] Data Scientist, Product Analytics @ Meta
2026-02-10 20:53:21,217 | INFO    | src.scraping.linkedin_scraper |   [24] Data / ML Ops Engineer @ PBG
2026-02-10 20:53:21,218 | INFO    | src.scraping.linkedin_scraper |   [25] Data Scientist @ Juul Labs
2026-02-10 20:53:25,080 | INFO    | src.scraping.linkedin_scraper | Phase 1 complete: 25 listings scraped.
2026-02-10 20:53:25,084 | INFO    | src.pipeline | Saved raw listings: ../data/raw\raw_listings_20260210_205325.json
2026-02-10 20:53:25,085 | INFO    | src.scraping.linkedin_scraper | Phase 2: Enriching 25 listings with full descriptions
2026-02-10 20:53:25,086 | INFO    | src.scraping.linkedin_scraper |   [1/25] Fetching: https://www.linkedin.com/jobs/view/data-scientist-intern-at-tinder-4323761210
2026-02-10 20:53:29,498 | INFO    | src.scraping.linkedin_scraper |     ✓ Parsed: Data Scientist | Seniority: Senior | Skills: 4 required
2026-02-10 20:53:29,499 | INFO    | src.scraping.linkedin_scraper |   [2/25] Fetching: https://www.linkedin.com/jobs/view/data-scientist-i-integrity-at-tinder-4367025321
2026-02-10 20:53:35,300 | INFO    | src.scraping.linkedin_scraper |     ✓ Parsed: Data Scientist | Seniority: Senior | Skills: 6 required
2026-02-10 20:53:35,301 | INFO    | src.scraping.linkedin_scraper |   [3/25] Fetching: https://www.linkedin.com/jobs/view/data-scientist-l5-performance-marketing-at-netflix-4313094719
2026-02-10 20:53:39,477 | INFO    | src.scraping.linkedin_scraper |     ✓ Parsed: Data Scientist | Seniority: Senior | Skills: 6 required
2026-02-10 20:53:39,478 | INFO    | src.scraping.linkedin_scraper |   [4/25] Fetching: https://www.linkedin.com/jobs/view/head-of-artificial-intelligence-and-data-science-at-addison-group-4368254991
2026-02-10 20:53:44,224 | INFO    | src.scraping.linkedin_scraper |     ✓ Parsed: Head of Artificial Intelligence and Data Science | Seniority: Staff/Lead | Skills: 2 required
2026-02-10 20:53:44,225 | INFO    | src.scraping.linkedin_scraper |   [5/25] Fetching: https://www.linkedin.com/jobs/view/data-scientist-l4-marketing-and-experience-dse-at-netflix-4341990612
2026-02-10 20:53:47,888 | INFO    | src.scraping.linkedin_scraper |     ✓ Parsed: Data Scientist | Seniority: Senior | Skills: 4 required
2026-02-10 20:53:47,889 | INFO    | src.scraping.linkedin_scraper |   [6/25] Fetching: https://www.linkedin.com/jobs/view/data-scientist-analyst-at-medreview-inc-4361492622
2026-02-10 20:53:50,786 | INFO    | src.scraping.linkedin_scraper |     ✓ Parsed: Data Scientist | Seniority: Senior | Skills: 8 required
2026-02-10 20:53:50,788 | INFO    | src.scraping.linkedin_scraper |   [7/25] Fetching: https://www.linkedin.com/jobs/view/data-scientist-at-roku-4359751153
2026-02-10 20:53:57,357 | INFO    | src.scraping.linkedin_scraper |     ✓ Parsed: Data Scientist | Seniority: Senior | Skills: 8 required
2026-02-10 20:53:57,358 | INFO    | src.scraping.linkedin_scraper |   [8/25] Fetching: https://www.linkedin.com/jobs/view/data-scientist-i-integrity-at-tinder-4367007948
2026-02-10 20:54:01,503 | INFO    | src.scraping.linkedin_scraper |     ✓ Parsed: Data Scientist | Seniority: Senior | Skills: 6 required
2026-02-10 20:54:01,504 | INFO    | src.scraping.linkedin_scraper |   [9/25] Fetching: https://www.linkedin.com/jobs/view/data-scientist-i-integrity-at-tinder-4367011795
2026-02-10 20:54:06,417 | INFO    | src.scraping.linkedin_scraper |     ✓ Parsed: Data Scientist | Seniority: Senior | Skills: 6 required
2026-02-10 20:54:06,418 | INFO    | src.scraping.linkedin_scraper |   [10/25] Fetching: https://www.linkedin.com/jobs/view/machine-learning-engineer-intern-at-tinder-4323750983
2026-02-10 20:54:11,791 | INFO    | src.scraping.linkedin_scraper |     ✓ Parsed: Machine Learning Engineer | Seniority: Senior | Skills: 3 required
2026-02-10 20:54:11,793 | INFO    | src.scraping.linkedin_scraper |   [11/25] Fetching: https://www.linkedin.com/jobs/view/data-scientist-5-ads-identity-at-netflix-4356549998
2026-02-10 20:54:14,889 | INFO    | src.scraping.linkedin_scraper |     ✓ Parsed: Data Scientist | Seniority: Senior | Skills: 5 required
2026-02-10 20:54:14,890 | INFO    | src.scraping.linkedin_scraper |   [12/25] Fetching: https://www.linkedin.com/jobs/view/data-scientist-4-5-identity-dse-at-netflix-4348419825
2026-02-10 20:54:19,525 | INFO    | src.scraping.linkedin_scraper |     ✓ Parsed: Data Scientist | Seniority: Senior | Skills: 7 required
2026-02-10 20:54:19,525 | INFO    | src.scraping.linkedin_scraper |   [13/25] Fetching: https://www.linkedin.com/jobs/view/data-scientist-product-analytics-at-meta-4120823523
2026-02-10 20:54:24,446 | INFO    | src.scraping.linkedin_scraper |     ✓ Parsed: Data Scientist | Seniority: Senior | Skills: 8 required
2026-02-10 20:54:24,447 | INFO    | src.scraping.linkedin_scraper |   [14/25] Fetching: https://www.linkedin.com/jobs/view/data-scientist-data-driven-global-investment-firm-at-andiamo-4306618897
2026-02-10 20:54:28,797 | INFO    | src.scraping.linkedin_scraper |     ✓ Parsed: Data Scientist | Seniority: Senior | Skills: 2 required
2026-02-10 20:54:28,798 | INFO    | src.scraping.linkedin_scraper |   [15/25] Fetching: https://www.linkedin.com/jobs/view/data-scientist-campus-full-time-at-two-sigma-4351354278
2026-02-10 20:54:32,343 | INFO    | src.scraping.linkedin_scraper |     ✓ Parsed: Data Scientist | Seniority: Senior | Skills: 2 required
2026-02-10 20:54:32,344 | INFO    | src.scraping.linkedin_scraper |   [16/25] Fetching: https://www.linkedin.com/jobs/view/data-scientist-decisions-lyft-urban-solutions-at-lyft-4369992190
2026-02-10 20:54:35,141 | INFO    | src.scraping.linkedin_scraper |     ✓ Parsed: Data Scientist | Seniority: Senior | Skills: 2 required
2026-02-10 20:54:35,141 | INFO    | src.scraping.linkedin_scraper |   [17/25] Fetching: https://www.linkedin.com/jobs/view/staff-data-scientist-at-linkedin-4365223573
2026-02-10 20:54:37,960 | INFO    | src.scraping.linkedin_scraper |     ✓ Parsed: Data Scientist | Seniority: Staff/Lead | Skills: 11 required
2026-02-10 20:54:37,960 | INFO    | src.scraping.linkedin_scraper |   [18/25] Fetching: https://www.linkedin.com/jobs/view/data-scientist-at-two-sigma-4209153448
2026-02-10 20:54:42,694 | INFO    | src.scraping.linkedin_scraper |     ✓ Parsed: Data Scientist | Seniority: Senior | Skills: 2 required
2026-02-10 20:54:42,694 | INFO    | src.scraping.linkedin_scraper |   [19/25] Fetching: https://www.linkedin.com/jobs/view/data-scientist-at-streetid-3819704675
2026-02-10 20:54:46,901 | INFO    | src.scraping.linkedin_scraper |     ✓ Parsed: Data Scientist | Seniority: Senior | Skills: 3 required
2026-02-10 20:54:46,902 | INFO    | src.scraping.linkedin_scraper |   [20/25] Fetching: https://www.linkedin.com/jobs/view/principal-research-scientist-at-next-phase-recruitment-4357715025
2026-02-10 20:54:49,781 | INFO    | src.scraping.linkedin_scraper |     ✓ Parsed: Research Scientist | Seniority: Staff/Lead | Skills: 4 required
2026-02-10 20:54:49,782 | INFO    | src.scraping.linkedin_scraper |   [21/25] Fetching: https://www.linkedin.com/jobs/view/data-scientist-lifecycle-marketing-at-wealthfront-4330764625
2026-02-10 20:54:54,508 | INFO    | src.scraping.linkedin_scraper |     ✓ Parsed: Data Scientist | Seniority: Senior | Skills: 5 required
2026-02-10 20:54:54,509 | INFO    | src.scraping.linkedin_scraper |   [22/25] Fetching: https://www.linkedin.com/jobs/view/data-scientist-at-kinect-4370029551
2026-02-10 20:54:58,986 | INFO    | src.scraping.linkedin_scraper |     ✓ Parsed: Data Scientist | Seniority: Senior | Skills: 6 required
2026-02-10 20:54:58,986 | INFO    | src.scraping.linkedin_scraper |   [23/25] Fetching: https://www.linkedin.com/jobs/view/data-scientist-product-analytics-at-meta-4120391416
2026-02-10 20:55:01,742 | INFO    | src.scraping.linkedin_scraper |     ✓ Parsed: Data Scientist | Seniority: Senior | Skills: 8 required
2026-02-10 20:55:01,743 | INFO    | src.scraping.linkedin_scraper |   [24/25] Fetching: https://www.linkedin.com/jobs/view/data-ml-ops-engineer-at-pbg-4367189438
2026-02-10 20:55:04,162 | INFO    | src.scraping.linkedin_scraper |     ✓ Parsed: Data / ML Ops Engineer | Seniority: Senior | Skills: 11 required
2026-02-10 20:55:04,163 | INFO    | src.scraping.linkedin_scraper |   [25/25] Fetching: https://www.linkedin.com/jobs/view/data-scientist-at-juul-labs-4344769602
2026-02-10 20:55:08,979 | INFO    | src.scraping.linkedin_scraper |     ✓ Parsed: Data Scientist | Seniority: Unknown | Skills: 11 required
2026-02-10 20:55:08,980 | INFO    | src.scraping.linkedin_scraper | Phase 2 complete: 25/25 records parsed (100% success rate)
2026-02-10 20:55:08,988 | INFO    | src.pipeline | Schema validation: PASSED
2026-02-10 20:55:09,012 | INFO    | src.pipeline | Saved Parquet: ../data/processed\jobs_v0.2_20260210_205508.parquet
2026-02-10 20:55:09,031 | INFO    | src.pipeline | Saved CSV: ../data/processed\jobs_v0.2_20260210_205508.csv
2026-02-10 20:55:09,033 | INFO    | src.pipeline | Saved scrape report: outputs/tables\scrape_report_20260210_205509.json
2026-02-10 20:55:09,034 | INFO    | src.pipeline | ============================================================
2026-02-10 20:55:09,035 | INFO    | src.pipeline | PIPELINE COMPLETE
2026-02-10 20:55:09,035 | INFO    | src.pipeline | Records: 25
2026-02-10 20:55:09,036 | INFO    | src.pipeline | Failures: 0
2026-02-10 20:55:09,037 | INFO    | src.pipeline | Output: {'parquet': '../data/processed\\jobs_v0.2_20260210_205508.parquet', 'parquet_latest': '../data/processed\\jobs_latest.parquet', 'csv': '../data/processed\\jobs_v0.2_20260210_205508.csv'}
2026-02-10 20:55:09,038 | INFO    | src.pipeline | Log: outputs/logs\scrape_20260210_205310.log
2026-02-10 20:55:09,039 | INFO    | src.pipeline | ============================================================
